This is pdfTeX, Version 3.141592653-2.6-1.40.24 (TeX Live 2022/Debian) (preloaded format=latex 2025.4.23)  24 APR 2025 22:06
entering extended mode
 restricted \write18 enabled.
 %&-line parsing enabled.
**lionc.tex
(./lionc.tex
LaTeX2e <2022-11-01> patch level 1
L3 programming layer <2023-01-16>
(/usr/share/texlive/texmf-dist/tex/latex/base/latex209.def
File: latex209.def 2020/11/26 v0.55 Standard LaTeX file


          Entering LaTeX 2.09 COMPATIBILITY MODE
 *************************************************************
    !!WARNING!!    !!WARNING!!    !!WARNING!!    !!WARNING!!   
 
 This mode attempts to provide an emulation of the LaTeX 2.09
 author environment so that OLD documents can be successfully
 processed. It should NOT be used for NEW documents!
 
 New documents should use Standard LaTeX conventions and start
 with the \documentclass command.
 
 Compatibility mode is UNLIKELY TO WORK with LaTeX 2.09 style
 files that change any internal macros, especially not with
 those that change the FONT SELECTION or OUTPUT ROUTINES.
 
 Therefore such style files MUST BE UPDATED to use
          Current Standard LaTeX: LaTeX2e.
 If you suspect that you may be using such a style file, which
 is probably very, very old by now, then you should attempt to
 get it updated by sending a copy of this error message to the
 author of that file.
 *************************************************************

\footheight=\dimen140
\@maxsep=\dimen141
\@dblmaxsep=\dimen142
\@cla=\count185
\@clb=\count186
\mscount=\count187
(/usr/share/texlive/texmf-dist/tex/latex/base/tracefnt.sty
Package: tracefnt 2020/12/22 v3.0n Standard LaTeX package (font tracing)
\tracingfonts=\count188
LaTeX Info: Redefining \selectfont on input line 107.
Applying: [2021/06/01] Add hook to \selectfont  on input line 142.
Already applied: [0000/00/00] Add hook to \selectfont  on input line 145.
)
\symbold=\mathgroup4
\symsans=\mathgroup5
\symtypewriter=\mathgroup6
\symitalic=\mathgroup7
\symsmallcaps=\mathgroup8
\symslanted=\mathgroup9
LaTeX Font Info:    Redeclaring math alphabet \mathbf on input line 275.
LaTeX Font Info:    Redeclaring math alphabet \mathsf on input line 276.
LaTeX Font Info:    Redeclaring math alphabet \mathtt on input line 277.
LaTeX Font Info:    Redeclaring math alphabet \mathit on input line 283.
LaTeX Info: Redefining \em on input line 293.

(/usr/share/texlive/texmf-dist/tex/latex/base/latexsym.sty
Package: latexsym 1998/08/17 v2.2e Standard LaTeX package (lasy symbols)
\symlasy=\mathgroup10
LaTeX Font Info:    Overwriting symbol font `lasy' in version `bold'
(Font)                  U/lasy/m/n --> U/lasy/b/n on input line 52.
)
LaTeX Font Info:    Redeclaring math delimiter \lgroup on input line 339.
LaTeX Font Info:    Redeclaring math delimiter \rgroup on input line 341.
LaTeX Font Info:    Redeclaring math delimiter \bracevert on input line 343.
)
(/usr/share/texlive/texmf-dist/tex/latex/base/article.cls
Document Class: article 2022/07/02 v1.4n Standard LaTeX document class
(/usr/share/texlive/texmf-dist/tex/latex/base/size10.clo
File: size10.clo 2022/07/02 v1.4n Standard LaTeX file (size option)
)
\c@part=\count189
\c@section=\count190
\c@subsection=\count191
\c@subsubsection=\count192
\c@paragraph=\count193
\c@subparagraph=\count194
\c@figure=\count195
\c@table=\count196
\abovecaptionskip=\skip48
\belowcaptionskip=\skip49
Compatibility mode: definition of \rm ignored.
Compatibility mode: definition of \sf ignored.
Compatibility mode: definition of \tt ignored.
Compatibility mode: definition of \bf ignored.
Compatibility mode: definition of \it ignored.
Compatibility mode: definition of \sl ignored.
Compatibility mode: definition of \sc ignored.
LaTeX Info: Redefining \cal on input line 497.
LaTeX Info: Redefining \mit on input line 498.
\bibindent=\dimen143
)
(/usr/share/texlive/texmf-dist/tex/latex/fancyhdr/fancyheadings.sty
Package: fancyheadings 2022/11/09 v4.1 Legacy package to call fancyhdr


Package fancyheadings Warning: Please stop using fancyheadings!
(fancyheadings)                Use fancyhdr instead.
(fancyheadings)                We will call fancyhdr with the very same
(fancyheadings)                options you passed to fancyheadings.
(fancyheadings)                
(fancyheadings)                fancyhdr is 99 percent compatible with
(fancyheadings)                fancyheadings. The only incompatibility is
(fancyheadings)                that \headrulewidth and \footrulewidth and
(fancyheadings)                their \plain... versions are no longer length
(fancyheadings)                parameters, but normal macros (to be changed
(fancyheadings)                with \renewcommand rather than \setlength)..

(/usr/share/texlive/texmf-dist/tex/latex/fancyhdr/fancyhdr.sty
Package: fancyhdr 2022/11/09 v4.1 Extensive control of page headers and footers

\f@nch@headwidth=\skip50
\f@nch@O@elh=\skip51
\f@nch@O@erh=\skip52
\f@nch@O@olh=\skip53
\f@nch@O@orh=\skip54
\f@nch@O@elf=\skip55
\f@nch@O@erf=\skip56
\f@nch@O@olf=\skip57
\f@nch@O@orf=\skip58
))
(/usr/share/texlive/texmf-dist/tex/latex/l3backend/l3backend-dvips.def
File: l3backend-dvips.def 2023-01-16 L3 backend support: dvips
\l__pdf_internal_box=\box51
\g__pdf_backend_object_int=\count197
\l__pdf_backend_content_box=\box52
\l__pdf_backend_model_box=\box53
\g__pdf_backend_annotation_int=\count198
\g__pdf_backend_link_int=\count199
\g__pdf_backend_link_sf_int=\count266
)
(./lionc.aux (./title.aux) (./preface.aux) (./ch1.aux) (./ch2.aux) (./ch3.aux)
(./ch4.aux) (./ch5.aux) (./ch6.aux) (./ch7.aux) (./ch8.aux) (./ch9.aux)
(./ch10.aux) (./ch11.aux) (./ch12.aux) (./ch13.aux) (./ch14.aux) (./ch15.aux)
(./ch16.aux) (./ch17.aux) (./ch18.aux) (./ch19.aux) (./ch20.aux) (./ch21.aux)
(./ch22.aux) (./ch23.aux) (./ch24.aux) (./ch25.aux) (./ch26.aux))
\openout1 = `lionc.aux'.

LaTeX Font Info:    Checking defaults for OML/cmm/m/it on input line 21.
LaTeX Font Info:    ... okay on input line 21.
LaTeX Font Info:    Checking defaults for OMS/cmsy/m/n on input line 21.
LaTeX Font Info:    ... okay on input line 21.
LaTeX Font Info:    Checking defaults for OT1/cmr/m/n on input line 21.
LaTeX Font Info:    ... okay on input line 21.
LaTeX Font Info:    Checking defaults for T1/cmr/m/n on input line 21.
LaTeX Font Info:    ... okay on input line 21.
LaTeX Font Info:    Checking defaults for TS1/cmr/m/n on input line 21.
LaTeX Font Info:    ... okay on input line 21.
LaTeX Font Info:    Checking defaults for OMX/cmex/m/n on input line 21.
LaTeX Font Info:    ... okay on input line 21.
LaTeX Font Info:    Checking defaults for U/cmr/m/n on input line 21.
LaTeX Font Info:    ... okay on input line 21.
\openout2 = `title.aux'.

 (./title.tex) [1


] [2



] (./lionc.toc
LaTeX Font Info:    External font `cmex10' loaded for size
(Font)              <7> on input line 2.
LaTeX Font Info:    External font `cmex10' loaded for size
(Font)              <5> on input line 2.
LaTeX Font Info:    Trying to load font information for U+lasy on input line 2.

 (/usr/share/texlive/texmf-dist/tex/latex/base/ulasy.fd
File: ulasy.fd 1998/08/17 v2.2e LaTeX symbol font definitions
)
[1

] [2] [3])
\tf@toc=\write3
\openout3 = `lionc.toc'.

 [4

]
\openout2 = `preface.aux'.

 (./preface.tex [5


]) [6]
\openout2 = `ch1.aux'.

 (./ch1.tex [1




] [2]) [3]
\openout2 = `ch2.aux'.

 (./ch2.tex
[4



] [5] [6] [7]
Overfull \hbox (15.16429pt too wide) in paragraph at lines 738--738
[]\OT1/cmr/bx/n/12 Memory Man-age-ment Sta-tus Reg-
 []

[8]) [9

]
\openout2 = `ch3.aux'.

 (./ch3.tex
LaTeX Font Info:    Trying to load font information for OMS+cmr on input line 4
1.
 (/usr/share/texlive/texmf-dist/tex/latex/base/omscmr.fd
File: omscmr.fd 2022/07/10 v2.5l Standard LaTeX font definitions
)
LaTeX Font Info:    Font shape `OMS/cmr/m/n' in size <10> not available
(Font)              Font shape `OMS/cmsy/m/n' tried instead on input line 41.

Underfull \hbox (badness 10000) in paragraph at lines 39--46

 []

[10



] [11] [12] [13] [14]
Overfull \hbox (24.81627pt too wide) in paragraph at lines 984--984
[]           \OT1/cmtt/m/n/10 n[0] =+ fp->f_inode->i size0 & 0377;[] 
 []

[15] [16]) [17

]
\openout2 = `ch4.aux'.

 (./ch4.tex [18



] [19] [20]) [21]
\openout2 = `ch5.aux'.

 (./ch5.tex [22



] [23] [24]
[25] [26]
Overfull \hbox (20.68561pt too wide) in paragraph at lines 808--813
\OT1/cmr/m/n/10 cluded to pro-vide dec-la-ra-tions for ``d[]major'', ``d[]minor
'',
 []

) [27

]
\openout2 = `ch6.aux'.

 (./ch6.tex [28



]
Overfull \hbox (24.31892pt too wide) in paragraph at lines 317--318
[]\OT1/cmr/m/n/10 the phys-i-cally avail-able mem-ory (``maxmem''); 
 []


Overfull \hbox (43.93004pt too wide) in paragraph at lines 319--320
[]\OT1/cmr/m/n/10 an in-stal-la-tion de-fin-able pa-ram-e-ter (``MAXMEM'')
 []

[29] [30] [31]) [32]
\openout2 = `ch7.aux'.

 (./ch7.tex [33



] [34]
Underfull \vbox (badness 6016) has occurred while \output is active []

 [35]
[36]) [37]
\openout2 = `ch8.aux'.

 (./ch8.tex [38



] [39] [40]) [41]
\openout2 = `ch9.aux'.

 (./ch9.tex
Overfull \hbox (20.33153pt too wide) in paragraph at lines 26--26
[]\OT1/cmr/bx/n/14.4 Hardware In-ter-rupts and Traps 
 []


Overfull \hbox (29.81805pt too wide) in paragraph at lines 118--132
 [] 
 []

[42



] [43]) [44]
\openout2 = `ch10.aux'.

 (./ch10.tex [45



] [46]
Overfull \hbox (18.15224pt too wide) in paragraph at lines 373--389
 [] 
 []

) [47]
\openout2 = `ch11.aux'.

 (./ch11.tex [48



]) [49]
\openout2 = `ch12.aux'.

 (./ch12.tex
Missing character: There is no £ in font cmr10!
[50



] [51] [52]) [53]
\openout2 = `ch13.aux'.

 (./ch13.tex
Overfull \hbox (19.52888pt too wide) in paragraph at lines 55--61
\OT1/cmr/m/n/10 dis-tin-guished be-cause UNIX en-sures that ``u.u[]signal[9]''
 []

[54



] [55] [56] [57] [58]
Overfull \hbox (22.44656pt too wide) in paragraph at lines 836--841
[]\OT1/cmr/m/n/10 In the third case ``ptrace'' will al-ways set ``ipc.ip[]lock'
'
 []

) [59]
\openout2 = `ch14.aux'.

 (./ch14.tex [60



] [61]) [62]
\openout2 = `ch15.aux'.

 (./ch15.tex [63



] [64]) [65

]
\openout2 = `ch16.aux'.

 (./ch16.tex
[66



]) [67]
\openout2 = `ch17.aux'.

 (./ch17.tex
Overfull \hbox (22.1966pt too wide) in paragraph at lines 152--157
\OT1/cmr/m/n/10 and if the ``av''-list is empty, set the ``B[]WANTED''
 []

[68



] [69]) [70]
\openout2 = `ch18.aux'.

 (./ch18.tex [71



] [72] [73] [74] [75]) [76

]
\openout2 = `ch19.aux'.

 (./ch19.tex [77



]
[78] [79]) [80]
\openout2 = `ch20.aux'.

 (./ch20.tex [81



] [82] [83] [84] [85]) [86

]
\openout2 = `ch21.aux'.

 (./ch21.tex)
[87



]
\openout2 = `ch22.aux'.

 (./ch22.tex [88



] [89] [90]
Overfull \hbox (18.17259pt too wide) in paragraph at lines 499--499
[]\OT1/cmr/bx/n/12 PC-11 Pa-per Tape Reader/Punch
 []

) [91]
\openout2 = `ch23.aux'.

 (./ch23.tex (./fig23_1.tex) (./fig23_2.tex) (./fig23_3.tex)
(./fig23_4.tex
Overfull \hbox (33.21124pt too wide) in paragraph at lines 37--39
[][]
 []

) [92



] [93]
Overfull \hbox (15.88104pt too wide) in paragraph at lines 275--289
[] 
 []

[94]) [95]
\openout2 = `ch24.aux'.

 (./ch24.tex [96



]
Overfull \hbox (26.34654pt too wide) in paragraph at lines 233--262
[] 
 []

[97] [98] [99]) [100

]
\openout2 = `ch25.aux'.

 (./ch25.tex [101



] [102] [103] [104]) [105]
\openout2 = `ch26.aux'.

 (./ch26.tex
[106



]
Overfull \hbox (22.48535pt too wide) in paragraph at lines 212--218
[]\OT1/cmr/m/n/10 The emer-gence of the ``sticky bit'' (see ``CHMOD(I)''
 []

) [107] (./lionc.aux (./title.aux) (./preface.aux) (./ch1.aux) (./ch2.aux)
(./ch3.aux) (./ch4.aux) (./ch5.aux) (./ch6.aux) (./ch7.aux) (./ch8.aux)
(./ch9.aux) (./ch10.aux) (./ch11.aux) (./ch12.aux) (./ch13.aux) (./ch14.aux)
(./ch15.aux) (./ch16.aux) (./ch17.aux) (./ch18.aux) (./ch19.aux) (./ch20.aux)
(./ch21.aux) (./ch22.aux) (./ch23.aux) (./ch24.aux) (./ch25.aux) (./ch26.aux)) 
) 
Here is how much of TeX's memory you used:
 1687 strings out of 478052
 32976 string characters out of 5840969
 1887327 words of memory out of 5000000
 21648 multiletter control sequences out of 15000+600000
 520695 words of font info for 62 fonts, out of 8000000 for 9000
 14 hyphenation exceptions out of 8191
 48i,12n,69p,243b,383s stack positions out of 10000i,1000n,20000p,200000b,200000s

Output written on lionc.dvi (115 pages, 647760 bytes).
